<?xml version="1.0" encoding="UTF-8"?>
<!-- Generated by org.testng.reporters.JUnitReportReporter -->
<testsuite hostname="MSI" failures="0" tests="2" name="list.Call" time="0.013" errors="0" timestamp="2023-09-27T23:42:10 IST" skipped="0">
  <testcase classname="list.Call" name="testSubtraction" time="0.001"/>
  <testcase classname="list.Call" name="testAddition" time="0.012"/>
</testsuite> <!-- list.Call -->
