<?xml version="1.0" encoding="UTF-8"?>
<!-- Generated by org.testng.reporters.JUnitReportReporter -->
<testsuite hostname="MSI" failures="0" tests="1" name="list.Brokenlinks" time="154.078" errors="0" timestamp="2023-11-08T17:27:18 IST" skipped="0">
  <testcase classname="list.Brokenlinks" name="broken" time="154.078"/>
</testsuite> <!-- list.Brokenlinks -->
